2020-04-04T07:17:59+00:00 CRITICAL syntax error, unexpected '<', expecting end of file в D:\OSPanel\domains\teplo-voda.loc\wp-content\themes\teplo-voda\index.php на строке 160

2020-04-04T07:18:05+00:00 CRITICAL syntax error, unexpected '<', expecting end of file в D:\OSPanel\domains\teplo-voda.loc\wp-content\themes\teplo-voda\index.php на строке 160

2020-04-04T07:48:50+00:00 CRITICAL syntax error, unexpected 'else' (T_ELSE), expecting end of file в D:\OSPanel\domains\teplo-voda.loc\wp-content\themes\teplo-voda\header.php на строке 89

2020-04-04T07:49:50+00:00 CRITICAL syntax error, unexpected 'else' (T_ELSE), expecting end of file в D:\OSPanel\domains\teplo-voda.loc\wp-content\themes\teplo-voda\header.php на строке 90

2020-04-04T07:50:30+00:00 CRITICAL syntax error, unexpected 'else' (T_ELSE), expecting end of file в D:\OSPanel\domains\teplo-voda.loc\wp-content\themes\teplo-voda\header.php на строке 89

2020-04-04T07:52:32+00:00 CRITICAL syntax error, unexpected 'else' (T_ELSE), expecting end of file в D:\OSPanel\domains\teplo-voda.loc\wp-content\themes\teplo-voda\header.php на строке 89

2020-04-04T07:53:44+00:00 CRITICAL syntax error, unexpected 'else' (T_ELSE), expecting end of file в D:\OSPanel\domains\teplo-voda.loc\wp-content\themes\teplo-voda\header.php на строке 89

2020-04-04T07:54:57+00:00 CRITICAL syntax error, unexpected '<', expecting end of file в D:\OSPanel\domains\teplo-voda.loc\wp-content\themes\teplo-voda\header.php на строке 90

2020-04-04T17:14:58+00:00 CRITICAL Uncaught Error: Call to undefined function the_field() in D:\OSPanel\domains\teplo-voda.loc\wp-content\themes\teplo-voda\index.php:53
Stack trace:
#0 D:\OSPanel\domains\teplo-voda.loc\wp-includes\template-loader.php(106): include()
#1 D:\OSPanel\domains\teplo-voda.loc\wp-blog-header.php(19): require_once('D:\\OSPanel\\doma...')
#2 D:\OSPanel\domains\teplo-voda.loc\index.php(17): require('D:\\OSPanel\\doma...')
#3 {main}
  thrown в D:\OSPanel\domains\teplo-voda.loc\wp-content\themes\teplo-voda\index.php на строке 53

2020-04-04T17:15:34+00:00 CRITICAL Uncaught Error: Call to undefined function the_field() in D:\OSPanel\domains\teplo-voda.loc\wp-content\themes\teplo-voda\index.php:53
Stack trace:
#0 D:\OSPanel\domains\teplo-voda.loc\wp-includes\template-loader.php(106): include()
#1 D:\OSPanel\domains\teplo-voda.loc\wp-blog-header.php(19): require_once('D:\\OSPanel\\doma...')
#2 D:\OSPanel\domains\teplo-voda.loc\index.php(17): require('D:\\OSPanel\\doma...')
#3 {main}
  thrown в D:\OSPanel\domains\teplo-voda.loc\wp-content\themes\teplo-voda\index.php на строке 53

2020-04-04T17:20:55+00:00 CRITICAL Uncaught Error: Call to undefined function the_field() in D:\OSPanel\domains\teplo-voda.loc\wp-content\themes\teplo-voda\index.php:53
Stack trace:
#0 D:\OSPanel\domains\teplo-voda.loc\wp-includes\template-loader.php(106): include()
#1 D:\OSPanel\domains\teplo-voda.loc\wp-blog-header.php(19): require_once('D:\\OSPanel\\doma...')
#2 D:\OSPanel\domains\teplo-voda.loc\index.php(17): require('D:\\OSPanel\\doma...')
#3 {main}
  thrown в D:\OSPanel\domains\teplo-voda.loc\wp-content\themes\teplo-voda\index.php на строке 53

2020-04-04T17:21:00+00:00 CRITICAL Uncaught Error: Call to undefined function the_field() in D:\OSPanel\domains\teplo-voda.loc\wp-content\themes\teplo-voda\index.php:53
Stack trace:
#0 D:\OSPanel\domains\teplo-voda.loc\wp-includes\template-loader.php(106): include()
#1 D:\OSPanel\domains\teplo-voda.loc\wp-blog-header.php(19): require_once('D:\\OSPanel\\doma...')
#2 D:\OSPanel\domains\teplo-voda.loc\index.php(17): require('D:\\OSPanel\\doma...')
#3 {main}
  thrown в D:\OSPanel\domains\teplo-voda.loc\wp-content\themes\teplo-voda\index.php на строке 53

2020-04-04T17:21:18+00:00 CRITICAL Uncaught Error: Call to undefined function the_field() in D:\OSPanel\domains\teplo-voda.loc\wp-content\themes\teplo-voda\index.php:53
Stack trace:
#0 D:\OSPanel\domains\teplo-voda.loc\wp-includes\template-loader.php(106): include()
#1 D:\OSPanel\domains\teplo-voda.loc\wp-blog-header.php(19): require_once('D:\\OSPanel\\doma...')
#2 D:\OSPanel\domains\teplo-voda.loc\index.php(17): require('D:\\OSPanel\\doma...')
#3 {main}
  thrown в D:\OSPanel\domains\teplo-voda.loc\wp-content\themes\teplo-voda\index.php на строке 53

2020-04-04T17:32:58+00:00 CRITICAL Uncaught Error: Call to undefined function the_field() in D:\OSPanel\domains\teplo-voda.loc\wp-content\themes\teplo-voda\index.php:53
Stack trace:
#0 D:\OSPanel\domains\teplo-voda.loc\wp-includes\template-loader.php(106): include()
#1 D:\OSPanel\domains\teplo-voda.loc\wp-blog-header.php(19): require_once('D:\\OSPanel\\doma...')
#2 D:\OSPanel\domains\teplo-voda.loc\index.php(17): require('D:\\OSPanel\\doma...')
#3 {main}
  thrown в D:\OSPanel\domains\teplo-voda.loc\wp-content\themes\teplo-voda\index.php на строке 53

